c:\users\satya\dropbox\ccny\csc59867\qip2_gpu\x64\debug\contrast.obj
c:\users\satya\dropbox\ccny\csc59867\qip2_gpu\x64\debug\correlation.obj
c:\users\satya\dropbox\ccny\csc59867\qip2_gpu\x64\debug\moc_errdiffusion.obj
c:\users\satya\dropbox\ccny\csc59867\qip2_gpu\x64\debug\moc_mainwindow.obj
c:\users\satya\dropbox\ccny\csc59867\qip2_gpu\x64\debug\moc_sharpen.obj
c:\users\satya\dropbox\ccny\csc59867\qip2_gpu\x64\debug\glwidget.obj
c:\users\satya\dropbox\ccny\csc59867\qip2_gpu\x64\debug\imagefilter.obj
c:\users\satya\dropbox\ccny\csc59867\qip2_gpu\x64\debug\quantize.obj
c:\users\satya\dropbox\ccny\csc59867\qip2_gpu\x64\debug\qcustomplot.obj
c:\users\satya\dropbox\ccny\csc59867\qip2_gpu\x64\debug\convolve.obj
c:\users\satya\dropbox\ccny\csc59867\qip2_gpu\x64\debug\moc_contrast.obj
c:\users\satya\dropbox\ccny\csc59867\qip2_gpu\x64\debug\moc_dummy.obj
c:\users\satya\dropbox\ccny\csc59867\qip2_gpu\x64\debug\moc_histostretch.obj
c:\users\satya\dropbox\ccny\csc59867\qip2_gpu\x64\debug\moc_quantize.obj
c:\users\satya\dropbox\ccny\csc59867\qip2_gpu\x64\debug\dummy.obj
c:\users\satya\dropbox\ccny\csc59867\qip2_gpu\x64\debug\histomatch.obj
c:\users\satya\dropbox\ccny\csc59867\qip2_gpu\x64\debug\median.obj
c:\users\satya\dropbox\ccny\csc59867\qip2_gpu\x64\debug\main.obj
c:\users\satya\dropbox\ccny\csc59867\qip2_gpu\x64\debug\clip.obj
c:\users\satya\dropbox\ccny\csc59867\qip2_gpu\x64\debug\moc_blur.obj
c:\users\satya\dropbox\ccny\csc59867\qip2_gpu\x64\debug\moc_convolve.obj
c:\users\satya\dropbox\ccny\csc59867\qip2_gpu\x64\debug\moc_gamma.obj
c:\users\satya\dropbox\ccny\csc59867\qip2_gpu\x64\debug\moc_median.obj
c:\users\satya\dropbox\ccny\csc59867\qip2_gpu\x64\debug\moc_threshold.obj
c:\users\satya\dropbox\ccny\csc59867\qip2_gpu\x64\debug\gamma.obj
c:\users\satya\dropbox\ccny\csc59867\qip2_gpu\x64\debug\mainwindow.obj
c:\users\satya\dropbox\ccny\csc59867\qip2_gpu\x64\debug\threshold.obj
c:\users\satya\dropbox\ccny\csc59867\qip2_gpu\x64\debug\blur.obj
c:\users\satya\dropbox\ccny\csc59867\qip2_gpu\x64\debug\moc_clip.obj
c:\users\satya\dropbox\ccny\csc59867\qip2_gpu\x64\debug\moc_correlation.obj
c:\users\satya\dropbox\ccny\csc59867\qip2_gpu\x64\debug\moc_histomatch.obj
c:\users\satya\dropbox\ccny\csc59867\qip2_gpu\x64\debug\moc_qcustomplot.obj
c:\users\satya\dropbox\ccny\csc59867\qip2_gpu\x64\debug\errdiffusion.obj
c:\users\satya\dropbox\ccny\csc59867\qip2_gpu\x64\debug\histostretch.obj
c:\users\satya\dropbox\ccny\csc59867\qip2_gpu\x64\debug\sharpen.obj
c:\users\satya\dropbox\ccny\csc59867\qip2_gpu\x64\debug\vc120.pdb
c:\users\satya\dropbox\ccny\csc59867\qip2_gpu\x64\debug\qrc_qip.obj
c:\users\satya\dropbox\ccny\csc59867\qip2_gpu\debug\.moc\moc_correlation.cpp
c:\users\satya\dropbox\ccny\csc59867\qip2_gpu\generatedfiles\qrc_qip.cpp
c:\users\satya\dropbox\ccny\csc59867\qip2_gpu\debug\.moc\moc_blur.cpp
c:\users\satya\dropbox\ccny\csc59867\qip2_gpu\debug\.moc\moc_clip.cpp
c:\users\satya\dropbox\ccny\csc59867\qip2_gpu\debug\.moc\moc_contrast.cpp
c:\users\satya\dropbox\ccny\csc59867\qip2_gpu\debug\.moc\moc_convolve.cpp
c:\users\satya\dropbox\ccny\csc59867\qip2_gpu\debug\.moc\moc_dummy.cpp
c:\users\satya\dropbox\ccny\csc59867\qip2_gpu\debug\.moc\moc_errdiffusion.cpp
c:\users\satya\dropbox\ccny\csc59867\qip2_gpu\debug\.moc\moc_gamma.cpp
c:\users\satya\dropbox\ccny\csc59867\qip2_gpu\debug\.moc\moc_histomatch.cpp
c:\users\satya\dropbox\ccny\csc59867\qip2_gpu\debug\.moc\moc_histostretch.cpp
c:\users\satya\dropbox\ccny\csc59867\qip2_gpu\debug\.moc\moc_mainwindow.cpp
c:\users\satya\dropbox\ccny\csc59867\qip2_gpu\debug\.moc\moc_median.cpp
c:\users\satya\dropbox\ccny\csc59867\qip2_gpu\debug\.moc\moc_quantize.cpp
c:\users\satya\dropbox\ccny\csc59867\qip2_gpu\debug\.moc\moc_sharpen.cpp
c:\users\satya\dropbox\ccny\csc59867\qip2_gpu\debug\.moc\moc_threshold.cpp
c:\users\satya\dropbox\ccny\csc59867\qip2_gpu\debug\.moc\moc_qcustomplot.cpp
c:\users\satya\dropbox\ccny\csc59867\qip2_gpu\debug\qip.ilk
c:\users\satya\dropbox\ccny\csc59867\qip2_gpu\debug\qip.exe
c:\users\satya\dropbox\ccny\csc59867\qip2_gpu\debug\qip.pdb
c:\users\satya\dropbox\ccny\csc59867\qip2_gpu\x64\debug\qip.tlog\cl.command.1.tlog
c:\users\satya\dropbox\ccny\csc59867\qip2_gpu\x64\debug\qip.tlog\cl.read.1.tlog
c:\users\satya\dropbox\ccny\csc59867\qip2_gpu\x64\debug\qip.tlog\cl.write.1.tlog
c:\users\satya\dropbox\ccny\csc59867\qip2_gpu\x64\debug\qip.tlog\custombuild.command.1.tlog
c:\users\satya\dropbox\ccny\csc59867\qip2_gpu\x64\debug\qip.tlog\custombuild.read.1.tlog
c:\users\satya\dropbox\ccny\csc59867\qip2_gpu\x64\debug\qip.tlog\custombuild.write.1.tlog
c:\users\satya\dropbox\ccny\csc59867\qip2_gpu\x64\debug\qip.tlog\link.command.1.tlog
c:\users\satya\dropbox\ccny\csc59867\qip2_gpu\x64\debug\qip.tlog\link.read.1.tlog
c:\users\satya\dropbox\ccny\csc59867\qip2_gpu\x64\debug\qip.tlog\link.write.1.tlog
